<?xml version="1.0" encoding="UTF-8"?>
<testng-results skipped="0" failed="0" total="1" passed="1">
  <reporter-output>
  </reporter-output>
  <suite name="Default suite" duration-ms="30509" started-at="2021-02-24T02:46:36Z" finished-at="2021-02-24T02:47:06Z">
    <groups>
      <group name="cucumber">
        <method signature="AbstractTestNGCucumberTests.feature(cucumber.api.testng.CucumberFeatureWrapper)[pri:0, instance:runner.runner@15761df8]" name="feature" class="cucumber.api.testng.AbstractTestNGCucumberTests"/>
      </group> <!-- cucumber -->
    </groups>
    <test name="Default test" duration-ms="30509" started-at="2021-02-24T02:46:36Z" finished-at="2021-02-24T02:47:06Z">
      <class name="runner.runner">
        <test-method status="PASS" signature="setUpClass()[pri:0, instance:runner.runner@15761df8]" test-instance-name="" name="setUpClass" is-config="true" duration-ms="171" started-at="2021-02-24T08:16:36Z" finished-at="2021-02-24T08:16:36Z">
          <reporter-output>
          </reporter-output>
        </test-method> <!-- setUpClass -->
        <test-method name="feature" test-instance-name="" signature="feature(cucumber.api.testng.CucumberFeatureWrapper)[pri:0, instance:runner.runner@15761df8]" status="PASS" duration-ms="29659" finished-at="2021-02-24T08:17:06Z" started-at="2021-02-24T08:16:36Z" data-provider="features" description="Runs Cucumber Feature">
          <params>
            <param index="0">
              <value>
                <![CDATA[Amazon Gift Card purchase]]>
              </value>
            </param>
          </params>
          <reporter-output>
          </reporter-output>
        </test-method> <!-- feature -->
        <test-method status="PASS" signature="extentReport()[pri:0, instance:runner.runner@15761df8]" test-instance-name="" name="extentReport" is-config="true" duration-ms="27" started-at="2021-02-24T08:17:06Z" finished-at="2021-02-24T08:17:06Z">
          <reporter-output>
          </reporter-output>
        </test-method> <!-- extentReport -->
        <test-method status="PASS" signature="tearDownClass()[pri:0, instance:runner.runner@15761df8]" test-instance-name="" name="tearDownClass" is-config="true" duration-ms="578" started-at="2021-02-24T08:17:06Z" finished-at="2021-02-24T08:17:06Z">
          <reporter-output>
          </reporter-output>
        </test-method> <!-- tearDownClass -->
      </class> <!-- runner.runner -->
    </test> <!-- Default test -->
  </suite> <!-- Default suite -->
</testng-results>
